<?xml version="1.0" encoding="UTF-8" ?>
<testsuites>
 <testsuite name="My app" timestamp="2016-11-16T09:41:35" hostname="localhost" time="0.001" errors="0" tests="0" skipped="0" failures="0">
 </testsuite>
</testsuites>